2021-02-21 17:57:31.740 - INFO - 49685 - azureml.train.automl.run._log_activity:54 - ActivityStarted: GetOutput
2021-02-21 17:57:31.760 - INFO - 49685 - azureml.train.automl.run._log_activity:54 - ActivityStarted: GetOutput
2021-02-21 17:57:31.776 - INFO - 49685 - azureml.train.automl.run._log_activity:54 - ActivityStarted: GetChildren
2021-02-21 17:57:32.328 - INFO - 49685 - azureml.train.automl.run._log_activity:88 - ActivityCompleted: Activity=GetChildren, HowEnded=Success, Duration=551.74[ms]
2021-02-21 17:57:32.328 - INFO - 49685 - azureml.train.automl.run._log_activity:88 - ActivityCompleted: Activity=GetOutput, HowEnded=Success, Duration=567.72[ms]
2021-02-21 17:57:32.328 - INFO - 49685 - azureml.train.automl._model_download_utilities._log_activity:54 - ActivityStarted: DownloadModel
2021-02-21 17:57:33.762 - CRITICAL - 49685 - azureml.train.automl._model_download_utilities.log_traceback:224 - Type: Unclassified
Class: ModuleNotFoundError
Message: No module named 'azureml.train.automl.runtime'
Traceback:
  File "_model_download_utilities.py", line 172, in _load_automl_model
    import azureml.train.automl.runtime

ExceptionTarget: Unspecified
2021-02-21 17:57:33.763 - WARNING - 49685 - azureml.train.automl._model_download_utilities._download_automl_model:100 - The model you attempted to retrieve requires 'azureml-train-automl-runtime' to be installed at '==1.22.0'. Please install 'azureml-train-automl-runtime==1.22.0' (e.g. `pip install azureml-train-automl-runtime==1.22.0`) and then rerun the previous command.
2021-02-21 17:57:33.763 - INFO - 49685 - azureml.train.automl._model_download_utilities._log_activity:88 - ActivityCompleted: Activity=DownloadModel, HowEnded=Success, Duration=1435.04[ms]
2021-02-21 17:57:33.764 - INFO - 49685 - azureml.train.automl.run._log_activity:88 - ActivityCompleted: Activity=GetOutput, HowEnded=Success, Duration=2024.15[ms]
2021-02-21 17:59:16.267 - INFO - 49685 - azureml.train.automl.run._log_activity:54 - ActivityStarted: GetOutput
2021-02-21 17:59:16.289 - INFO - 49685 - azureml.train.automl.run._log_activity:54 - ActivityStarted: GetOutput
2021-02-21 17:59:16.308 - INFO - 49685 - azureml.train.automl.run._log_activity:54 - ActivityStarted: GetChildren
2021-02-21 17:59:16.505 - INFO - 49685 - azureml.train.automl.run._log_activity:88 - ActivityCompleted: Activity=GetChildren, HowEnded=Success, Duration=197.07[ms]
2021-02-21 17:59:16.506 - INFO - 49685 - azureml.train.automl.run._log_activity:88 - ActivityCompleted: Activity=GetOutput, HowEnded=Success, Duration=216.15[ms]
2021-02-21 17:59:16.506 - INFO - 49685 - azureml.train.automl._model_download_utilities._log_activity:54 - ActivityStarted: DownloadModel
2021-02-21 17:59:18.701 - CRITICAL - 49685 - azureml.train.automl._model_download_utilities.log_traceback:224 - Type: Unclassified
Class: ImportError
Message: cannot import name 'pinvh' from 'sklearn.utils.fixes' (/Users/cuongv.nguyen/opt/anaconda3/envs/causalnex/lib/python3.8/site-packages/sklearn/utils/fixes.py)
Traceback:
  File "_model_download_utilities.py", line 174, in _load_automl_model
  File "__init__.py", line 8, in <module>
    from .data_transformer import DataTransformer, TransformerAndMapper
  File "data_transformer.py", line 15, in <module>
    from azureml.automl.runtime._engineered_feature_names import (_FeatureTransformers, _GenerateEngineeredFeatureNames,
  File "_engineered_feature_names.py", line 14, in <module>
    from sklearn.cluster import MiniBatchKMeans
  File "__init__.py", line 6, in <module>
    from ._spectral import spectral_clustering, SpectralClustering
  File "_spectral.py", line 16, in <module>
    from ..neighbors import kneighbors_graph, NearestNeighbors
  File "__init__.py", line 17, in <module>
    from ._nca import NeighborhoodComponentsAnalysis
  File "_nca.py", line 22, in <module>
    from ..decomposition import PCA
  File "__init__.py", line 17, in <module>
    from .dict_learning import dict_learning
  File "dict_learning.py", line 4, in <module>
    from . import _dict_learning
  File "_dict_learning.py", line 21, in <module>
    from ..linear_model import Lasso, orthogonal_mp_gram, LassoLars, Lars
  File "__init__.py", line 11, in <module>
    from ._bayes import BayesianRidge, ARDRegression
  File "_bayes.py", line 16, in <module>
    from ..utils.fixes import pinvh

ExceptionTarget: Unspecified
2021-02-21 17:59:18.798 - CRITICAL - 49685 - azureml.train.automl._model_download_utilities.log_traceback:224 - Type: Unclassified
Class: ImportError
Message: cannot import name 'pinvh' from 'sklearn.utils.fixes' (/Users/cuongv.nguyen/opt/anaconda3/envs/causalnex/lib/python3.8/site-packages/sklearn/utils/fixes.py)
Traceback:
  File "telemetry_activity_logger.py", line 57, in _log_activity
    yield
  File "_model_download_utilities.py", line 90, in _download_automl_model
  File "_model_download_utilities.py", line 174, in _load_automl_model
  File "__init__.py", line 8, in <module>
    from .data_transformer import DataTransformer, TransformerAndMapper
  File "data_transformer.py", line 15, in <module>
    from azureml.automl.runtime._engineered_feature_names import (_FeatureTransformers, _GenerateEngineeredFeatureNames,
  File "_engineered_feature_names.py", line 14, in <module>
    from sklearn.cluster import MiniBatchKMeans
  File "__init__.py", line 6, in <module>
    from ._spectral import spectral_clustering, SpectralClustering
  File "_spectral.py", line 16, in <module>
    from ..neighbors import kneighbors_graph, NearestNeighbors
  File "__init__.py", line 17, in <module>
    from ._nca import NeighborhoodComponentsAnalysis
  File "_nca.py", line 22, in <module>
    from ..decomposition import PCA
  File "__init__.py", line 17, in <module>
    from .dict_learning import dict_learning
  File "dict_learning.py", line 4, in <module>
    from . import _dict_learning
  File "_dict_learning.py", line 21, in <module>
    from ..linear_model import Lasso, orthogonal_mp_gram, LassoLars, Lars
  File "__init__.py", line 11, in <module>
    from ._bayes import BayesianRidge, ARDRegression
  File "_bayes.py", line 16, in <module>
    from ..utils.fixes import pinvh

ExceptionTarget: Unspecified
2021-02-21 17:59:18.798 - INFO - 49685 - azureml.train.automl._model_download_utilities._log_activity:88 - ActivityCompleted: Activity=DownloadModel, HowEnded=Failure, Duration=2291.78[ms]
2021-02-21 17:59:18.801 - CRITICAL - 49685 - azureml.train.automl.run.log_traceback:224 - Type: Unclassified
Class: ImportError
Message: cannot import name 'pinvh' from 'sklearn.utils.fixes' (/Users/cuongv.nguyen/opt/anaconda3/envs/causalnex/lib/python3.8/site-packages/sklearn/utils/fixes.py)
Traceback:
  File "telemetry_activity_logger.py", line 57, in _log_activity
    yield
  File "run.py", line 701, in get_output
    def get_best_child(self,
  File "_model_download_utilities.py", line 90, in _download_automl_model
  File "_model_download_utilities.py", line 174, in _load_automl_model
  File "__init__.py", line 8, in <module>
    from .data_transformer import DataTransformer, TransformerAndMapper
  File "data_transformer.py", line 15, in <module>
    from azureml.automl.runtime._engineered_feature_names import (_FeatureTransformers, _GenerateEngineeredFeatureNames,
  File "_engineered_feature_names.py", line 14, in <module>
    from sklearn.cluster import MiniBatchKMeans
  File "__init__.py", line 6, in <module>
    from ._spectral import spectral_clustering, SpectralClustering
  File "_spectral.py", line 16, in <module>
    from ..neighbors import kneighbors_graph, NearestNeighbors
  File "__init__.py", line 17, in <module>
    from ._nca import NeighborhoodComponentsAnalysis
  File "_nca.py", line 22, in <module>
    from ..decomposition import PCA
  File "__init__.py", line 17, in <module>
    from .dict_learning import dict_learning
  File "dict_learning.py", line 4, in <module>
    from . import _dict_learning
  File "_dict_learning.py", line 21, in <module>
    from ..linear_model import Lasso, orthogonal_mp_gram, LassoLars, Lars
  File "__init__.py", line 11, in <module>
    from ._bayes import BayesianRidge, ARDRegression
  File "_bayes.py", line 16, in <module>
    from ..utils.fixes import pinvh

ExceptionTarget: Unspecified
2021-02-21 17:59:18.801 - INFO - 49685 - azureml.train.automl.run._log_activity:88 - ActivityCompleted: Activity=GetOutput, HowEnded=Failure, Duration=2534.8[ms]
2021-02-21 18:28:20.647 - INFO - 52777 - azureml.train.automl.run._log_activity:54 - ActivityStarted: GetOutput
2021-02-21 18:28:20.663 - INFO - 52777 - azureml.train.automl.run._log_activity:54 - ActivityStarted: GetOutput
2021-02-21 18:28:20.677 - INFO - 52777 - azureml.train.automl.run._log_activity:54 - ActivityStarted: GetChildren
2021-02-21 18:28:20.834 - INFO - 52777 - azureml.train.automl.run._log_activity:92 - ActivityCompleted: Activity=GetChildren, HowEnded=Success, Duration=156.74[ms]
2021-02-21 18:28:20.834 - INFO - 52777 - azureml.train.automl.run._log_activity:92 - ActivityCompleted: Activity=GetOutput, HowEnded=Success, Duration=170.81[ms]
2021-02-21 18:28:20.835 - INFO - 52777 - azureml.train.automl._model_download_utilities._log_activity:54 - ActivityStarted: DownloadModel
2021-02-21 18:28:44.316 - INFO - 52777 - azureml.automl.runtime.distributed.utilities.horovod_initialized:58 - Horovod not found in current environment. Distribution via Horovod will be disabled.
2021-02-21 18:29:01.205 - INFO - 52777 - azureml.automl.runtime.featurization.data_transformer.__init__:184 - Feature sweeping enabled: False
2021-02-21 18:29:01.205 - INFO - 52777 - azureml.automl.runtime.featurization.data_transformer.__init__:185 - Feature sweeping timeout: 86400
2021-02-21 18:29:02.621 - INFO - 52777 - azureml.train.automl._model_download_utilities._log_activity:92 - ActivityCompleted: Activity=DownloadModel, HowEnded=Success, Duration=41786.04[ms]
2021-02-21 18:29:02.621 - INFO - 52777 - azureml.train.automl.run._log_activity:92 - ActivityCompleted: Activity=GetOutput, HowEnded=Success, Duration=41974.03[ms]
2021-02-21 18:29:19.752 - INFO - 52777 - azureml.train.automl.run._log_activity:54 - ActivityStarted: GetOutput
2021-02-21 18:29:19.767 - INFO - 52777 - azureml.train.automl.run._log_activity:54 - ActivityStarted: GetOutput
2021-02-21 18:29:19.782 - INFO - 52777 - azureml.train.automl.run._log_activity:54 - ActivityStarted: GetChildren
2021-02-21 18:29:20.156 - INFO - 52777 - azureml.train.automl.run._log_activity:92 - ActivityCompleted: Activity=GetChildren, HowEnded=Success, Duration=374.6[ms]
2021-02-21 18:29:20.157 - INFO - 52777 - azureml.train.automl.run._log_activity:92 - ActivityCompleted: Activity=GetOutput, HowEnded=Success, Duration=389.2[ms]
2021-02-21 18:29:20.157 - INFO - 52777 - azureml.train.automl._model_download_utilities._log_activity:54 - ActivityStarted: DownloadModel
2021-02-21 18:29:20.594 - INFO - 52777 - azureml.automl.runtime.featurization.data_transformer.__init__:184 - Feature sweeping enabled: False
2021-02-21 18:29:20.594 - INFO - 52777 - azureml.automl.runtime.featurization.data_transformer.__init__:185 - Feature sweeping timeout: 86400
2021-02-21 18:29:20.606 - INFO - 52777 - azureml.train.automl._model_download_utilities._log_activity:92 - ActivityCompleted: Activity=DownloadModel, HowEnded=Success, Duration=448.66[ms]
2021-02-21 18:29:20.606 - INFO - 52777 - azureml.train.automl.run._log_activity:92 - ActivityCompleted: Activity=GetOutput, HowEnded=Success, Duration=853.9[ms]
2021-02-21 18:30:36.408 - INFO - 52777 - azureml.automl.runtime.featurization.data_transformer._apply_transforms:501 - Starting to apply transforms. Total ram: 17179869184 bytes
2021-02-21 18:30:36.408 - INFO - 52777 - azureml.automl.runtime.featurization.data_transformer._apply_transforms:512 - Transform memory estimate: 0 bytes, Current available memory: 2016509952 bytes
2021-02-21 18:30:36.408 - INFO - 52777 - azureml.automl.runtime.featurization.data_transformer._apply_transforms:522 - SimpleImputer: Applying transform.
2021-02-21 18:30:36.413 - INFO - 52777 - azureml.automl.runtime.featurization.data_transformer._apply_transforms:536 - SimpleImputer: Finished applying transform. Shape (1000, 1)
2021-02-21 18:30:36.414 - INFO - 52777 - azureml.automl.runtime.featurization.data_transformer._apply_transforms:512 - Transform memory estimate: 0 bytes, Current available memory: 2016575488 bytes
2021-02-21 18:30:36.414 - INFO - 52777 - azureml.automl.runtime.featurization.data_transformer._apply_transforms:522 - SimpleImputer: Applying transform.
2021-02-21 18:30:36.425 - INFO - 52777 - azureml.automl.runtime.featurization.data_transformer._apply_transforms:536 - SimpleImputer: Finished applying transform. Shape (1000, 1)
2021-02-21 18:30:36.425 - INFO - 52777 - azureml.automl.runtime.featurization.data_transformer._apply_transforms:512 - Transform memory estimate: 0 bytes, Current available memory: 2016227328 bytes
2021-02-21 18:30:36.425 - INFO - 52777 - azureml.automl.runtime.featurization.data_transformer._apply_transforms:522 - SimpleImputer: Applying transform.
2021-02-21 18:30:36.427 - INFO - 52777 - azureml.automl.runtime.featurization.data_transformer._apply_transforms:536 - SimpleImputer: Finished applying transform. Shape (1000, 1)
2021-02-21 18:30:36.427 - INFO - 52777 - azureml.automl.runtime.featurization.data_transformer._apply_transforms:512 - Transform memory estimate: 0 bytes, Current available memory: 2016227328 bytes
2021-02-21 18:30:36.427 - INFO - 52777 - azureml.automl.runtime.featurization.data_transformer._apply_transforms:522 - StringCastTransformer,CountVectorizer: Applying transform.
2021-02-21 18:30:36.436 - INFO - 52777 - azureml.automl.runtime.featurization.data_transformer._apply_transforms:536 - StringCastTransformer,CountVectorizer: Finished applying transform. Shape (1000, 3)
2021-02-21 18:30:36.437 - INFO - 52777 - azureml.automl.runtime.featurization.data_transformer._apply_transforms:512 - Transform memory estimate: 0 bytes, Current available memory: 2016227328 bytes
2021-02-21 18:30:36.437 - INFO - 52777 - azureml.automl.runtime.featurization.data_transformer._apply_transforms:522 - CatImputer,StringCastTransformer,LabelEncoderTransformer: Applying transform.
2021-02-21 18:30:36.449 - INFO - 52777 - azureml.automl.runtime.featurization.data_transformer._apply_transforms:536 - CatImputer,StringCastTransformer,LabelEncoderTransformer: Finished applying transform. Shape (1000, 1)
2021-02-21 18:30:36.449 - INFO - 52777 - azureml.automl.runtime.featurization.data_transformer._apply_transforms:512 - Transform memory estimate: 0 bytes, Current available memory: 2016227328 bytes
2021-02-21 18:30:36.449 - INFO - 52777 - azureml.automl.runtime.featurization.data_transformer._apply_transforms:522 - CatImputer,StringCastTransformer,LabelEncoderTransformer: Applying transform.
2021-02-21 18:30:36.454 - INFO - 52777 - azureml.automl.runtime.featurization.data_transformer._apply_transforms:536 - CatImputer,StringCastTransformer,LabelEncoderTransformer: Finished applying transform. Shape (1000, 1)
2021-02-21 18:30:36.454 - INFO - 52777 - azureml.automl.runtime.featurization.data_transformer._apply_transforms:512 - Transform memory estimate: 0 bytes, Current available memory: 2016227328 bytes
2021-02-21 18:30:36.455 - INFO - 52777 - azureml.automl.runtime.featurization.data_transformer._apply_transforms:522 - CatImputer,StringCastTransformer,LabelEncoderTransformer: Applying transform.
2021-02-21 18:30:36.460 - INFO - 52777 - azureml.automl.runtime.featurization.data_transformer._apply_transforms:536 - CatImputer,StringCastTransformer,LabelEncoderTransformer: Finished applying transform. Shape (1000, 1)
2021-02-21 18:30:36.460 - INFO - 52777 - azureml.automl.runtime.featurization.data_transformer._apply_transforms:512 - Transform memory estimate: 0 bytes, Current available memory: 2016227328 bytes
2021-02-21 18:30:36.461 - INFO - 52777 - azureml.automl.runtime.featurization.data_transformer._apply_transforms:522 - StringCastTransformer,CountVectorizer: Applying transform.
2021-02-21 18:30:36.464 - INFO - 52777 - azureml.automl.runtime.featurization.data_transformer._apply_transforms:536 - StringCastTransformer,CountVectorizer: Finished applying transform. Shape (1000, 5)
2021-02-21 18:30:36.464 - INFO - 52777 - azureml.automl.runtime.featurization.data_transformer._apply_transforms:512 - Transform memory estimate: 0 bytes, Current available memory: 2016227328 bytes
2021-02-21 18:30:36.465 - INFO - 52777 - azureml.automl.runtime.featurization.data_transformer._apply_transforms:522 - CatImputer,StringCastTransformer,LabelEncoderTransformer: Applying transform.
2021-02-21 18:30:36.472 - INFO - 52777 - azureml.automl.runtime.featurization.data_transformer._apply_transforms:536 - CatImputer,StringCastTransformer,LabelEncoderTransformer: Finished applying transform. Shape (1000, 1)
2021-02-21 18:30:36.472 - INFO - 52777 - azureml.automl.runtime.featurization.data_transformer._apply_transforms:512 - Transform memory estimate: 0 bytes, Current available memory: 2016227328 bytes
2021-02-21 18:30:36.472 - INFO - 52777 - azureml.automl.runtime.featurization.data_transformer._apply_transforms:522 - StringCastTransformer,CountVectorizer: Applying transform.
2021-02-21 18:30:36.475 - INFO - 52777 - azureml.automl.runtime.featurization.data_transformer._apply_transforms:536 - StringCastTransformer,CountVectorizer: Finished applying transform. Shape (1000, 4)
2021-02-21 18:30:36.476 - INFO - 52777 - azureml.automl.runtime.featurization.data_transformer._apply_transforms:512 - Transform memory estimate: 0 bytes, Current available memory: 2016227328 bytes
2021-02-21 18:30:36.476 - INFO - 52777 - azureml.automl.runtime.featurization.data_transformer._apply_transforms:522 - StringCastTransformer,HashOneHotVectorizerTransformer: Applying transform.
2021-02-21 18:30:36.480 - INFO - 52777 - azureml.automl.runtime.featurization.data_transformer._apply_transforms:536 - StringCastTransformer,HashOneHotVectorizerTransformer: Finished applying transform. Shape (1000, 256)
2021-02-21 18:30:36.480 - INFO - 52777 - azureml.automl.runtime.featurization.data_transformer._apply_transforms:545 - Finished applying transforms
2021-02-21 18:30:36.480 - INFO - 52777 - azureml.automl.runtime.shared.memory_utilities._is_low_memory:208 - Total ram: 17179869184 bytes, Current Available memory: 2016227328 bytes. Low memory threshold: 0.5
2021-02-21 18:51:47.525 - INFO - 52777 - azureml.train.automl.run._log_activity:54 - ActivityStarted: GetOutput
2021-02-21 18:51:47.540 - INFO - 52777 - azureml.train.automl.run._log_activity:54 - ActivityStarted: GetOutput
2021-02-21 18:51:47.555 - INFO - 52777 - azureml.train.automl.run._log_activity:54 - ActivityStarted: GetChildren
2021-02-21 18:51:47.717 - INFO - 52777 - azureml.train.automl.run._log_activity:92 - ActivityCompleted: Activity=GetChildren, HowEnded=Success, Duration=161.87[ms]
2021-02-21 18:51:47.717 - INFO - 52777 - azureml.train.automl.run._log_activity:92 - ActivityCompleted: Activity=GetOutput, HowEnded=Success, Duration=176.97[ms]
2021-02-21 18:51:47.718 - INFO - 52777 - azureml.train.automl._model_download_utilities._log_activity:54 - ActivityStarted: DownloadModel
2021-02-21 18:51:48.301 - INFO - 52777 - azureml.automl.runtime.featurization.data_transformer.__init__:184 - Feature sweeping enabled: False
2021-02-21 18:51:48.301 - INFO - 52777 - azureml.automl.runtime.featurization.data_transformer.__init__:185 - Feature sweeping timeout: 86400
2021-02-21 18:51:48.312 - INFO - 52777 - azureml.train.automl._model_download_utilities._log_activity:92 - ActivityCompleted: Activity=DownloadModel, HowEnded=Success, Duration=594.58[ms]
2021-02-21 18:51:48.312 - INFO - 52777 - azureml.train.automl.run._log_activity:92 - ActivityCompleted: Activity=GetOutput, HowEnded=Success, Duration=787.75[ms]
2021-02-21 18:51:49.435 - INFO - 52777 - azureml.automl.runtime.featurization.data_transformer._apply_transforms:501 - Starting to apply transforms. Total ram: 17179869184 bytes
2021-02-21 18:51:49.436 - INFO - 52777 - azureml.automl.runtime.featurization.data_transformer._apply_transforms:512 - Transform memory estimate: 0 bytes, Current available memory: 1320243200 bytes
2021-02-21 18:51:49.436 - INFO - 52777 - azureml.automl.runtime.featurization.data_transformer._apply_transforms:522 - SimpleImputer: Applying transform.
2021-02-21 18:51:49.439 - INFO - 52777 - azureml.automl.runtime.featurization.data_transformer._apply_transforms:536 - SimpleImputer: Finished applying transform. Shape (1000, 1)
2021-02-21 18:51:49.439 - INFO - 52777 - azureml.automl.runtime.featurization.data_transformer._apply_transforms:512 - Transform memory estimate: 0 bytes, Current available memory: 1320243200 bytes
2021-02-21 18:51:49.439 - INFO - 52777 - azureml.automl.runtime.featurization.data_transformer._apply_transforms:522 - SimpleImputer: Applying transform.
2021-02-21 18:51:49.441 - INFO - 52777 - azureml.automl.runtime.featurization.data_transformer._apply_transforms:536 - SimpleImputer: Finished applying transform. Shape (1000, 1)
2021-02-21 18:51:49.441 - INFO - 52777 - azureml.automl.runtime.featurization.data_transformer._apply_transforms:512 - Transform memory estimate: 0 bytes, Current available memory: 1320243200 bytes
2021-02-21 18:51:49.441 - INFO - 52777 - azureml.automl.runtime.featurization.data_transformer._apply_transforms:522 - SimpleImputer: Applying transform.
2021-02-21 18:51:49.443 - INFO - 52777 - azureml.automl.runtime.featurization.data_transformer._apply_transforms:536 - SimpleImputer: Finished applying transform. Shape (1000, 1)
2021-02-21 18:51:49.443 - INFO - 52777 - azureml.automl.runtime.featurization.data_transformer._apply_transforms:512 - Transform memory estimate: 0 bytes, Current available memory: 1320243200 bytes
2021-02-21 18:51:49.443 - INFO - 52777 - azureml.automl.runtime.featurization.data_transformer._apply_transforms:522 - StringCastTransformer,CountVectorizer: Applying transform.
2021-02-21 18:51:49.446 - INFO - 52777 - azureml.automl.runtime.featurization.data_transformer._apply_transforms:536 - StringCastTransformer,CountVectorizer: Finished applying transform. Shape (1000, 3)
2021-02-21 18:51:49.447 - INFO - 52777 - azureml.automl.runtime.featurization.data_transformer._apply_transforms:512 - Transform memory estimate: 0 bytes, Current available memory: 1320243200 bytes
2021-02-21 18:51:49.447 - INFO - 52777 - azureml.automl.runtime.featurization.data_transformer._apply_transforms:522 - CatImputer,StringCastTransformer,LabelEncoderTransformer: Applying transform.
2021-02-21 18:51:49.464 - INFO - 52777 - azureml.automl.runtime.featurization.data_transformer._apply_transforms:536 - CatImputer,StringCastTransformer,LabelEncoderTransformer: Finished applying transform. Shape (1000, 1)
2021-02-21 18:51:49.465 - INFO - 52777 - azureml.automl.runtime.featurization.data_transformer._apply_transforms:512 - Transform memory estimate: 0 bytes, Current available memory: 1320243200 bytes
2021-02-21 18:51:49.465 - INFO - 52777 - azureml.automl.runtime.featurization.data_transformer._apply_transforms:522 - CatImputer,StringCastTransformer,LabelEncoderTransformer: Applying transform.
2021-02-21 18:51:49.471 - INFO - 52777 - azureml.automl.runtime.featurization.data_transformer._apply_transforms:536 - CatImputer,StringCastTransformer,LabelEncoderTransformer: Finished applying transform. Shape (1000, 1)
2021-02-21 18:51:49.471 - INFO - 52777 - azureml.automl.runtime.featurization.data_transformer._apply_transforms:512 - Transform memory estimate: 0 bytes, Current available memory: 1320243200 bytes
2021-02-21 18:51:49.471 - INFO - 52777 - azureml.automl.runtime.featurization.data_transformer._apply_transforms:522 - CatImputer,StringCastTransformer,LabelEncoderTransformer: Applying transform.
2021-02-21 18:51:49.476 - INFO - 52777 - azureml.automl.runtime.featurization.data_transformer._apply_transforms:536 - CatImputer,StringCastTransformer,LabelEncoderTransformer: Finished applying transform. Shape (1000, 1)
2021-02-21 18:51:49.476 - INFO - 52777 - azureml.automl.runtime.featurization.data_transformer._apply_transforms:512 - Transform memory estimate: 0 bytes, Current available memory: 1320243200 bytes
2021-02-21 18:51:49.476 - INFO - 52777 - azureml.automl.runtime.featurization.data_transformer._apply_transforms:522 - StringCastTransformer,CountVectorizer: Applying transform.
2021-02-21 18:51:49.480 - INFO - 52777 - azureml.automl.runtime.featurization.data_transformer._apply_transforms:536 - StringCastTransformer,CountVectorizer: Finished applying transform. Shape (1000, 5)
2021-02-21 18:51:49.481 - INFO - 52777 - azureml.automl.runtime.featurization.data_transformer._apply_transforms:512 - Transform memory estimate: 0 bytes, Current available memory: 1320243200 bytes
2021-02-21 18:51:49.481 - INFO - 52777 - azureml.automl.runtime.featurization.data_transformer._apply_transforms:522 - CatImputer,StringCastTransformer,LabelEncoderTransformer: Applying transform.
2021-02-21 18:51:49.486 - INFO - 52777 - azureml.automl.runtime.featurization.data_transformer._apply_transforms:536 - CatImputer,StringCastTransformer,LabelEncoderTransformer: Finished applying transform. Shape (1000, 1)
2021-02-21 18:51:49.486 - INFO - 52777 - azureml.automl.runtime.featurization.data_transformer._apply_transforms:512 - Transform memory estimate: 0 bytes, Current available memory: 1320243200 bytes
2021-02-21 18:51:49.486 - INFO - 52777 - azureml.automl.runtime.featurization.data_transformer._apply_transforms:522 - StringCastTransformer,CountVectorizer: Applying transform.
2021-02-21 18:51:49.493 - INFO - 52777 - azureml.automl.runtime.featurization.data_transformer._apply_transforms:536 - StringCastTransformer,CountVectorizer: Finished applying transform. Shape (1000, 4)
2021-02-21 18:51:49.493 - INFO - 52777 - azureml.automl.runtime.featurization.data_transformer._apply_transforms:512 - Transform memory estimate: 0 bytes, Current available memory: 1320243200 bytes
2021-02-21 18:51:49.493 - INFO - 52777 - azureml.automl.runtime.featurization.data_transformer._apply_transforms:522 - StringCastTransformer,HashOneHotVectorizerTransformer: Applying transform.
2021-02-21 18:51:49.504 - INFO - 52777 - azureml.automl.runtime.featurization.data_transformer._apply_transforms:536 - StringCastTransformer,HashOneHotVectorizerTransformer: Finished applying transform. Shape (1000, 256)
2021-02-21 18:51:49.504 - INFO - 52777 - azureml.automl.runtime.featurization.data_transformer._apply_transforms:545 - Finished applying transforms
2021-02-21 18:51:49.504 - INFO - 52777 - azureml.automl.runtime.shared.memory_utilities._is_low_memory:208 - Total ram: 17179869184 bytes, Current Available memory: 1320243200 bytes. Low memory threshold: 0.5
