2021-02-21 16:06:32.590 - INFO - 15800 - azureml.train.automl._experiment_drivers.driver_utilities.modify_run_configuration:199 - Package azureml-train-automl missing from dependencies file.
2021-02-21 16:06:32.590 - INFO - 15800 - azureml.train.automl._experiment_drivers.driver_utilities.modify_run_configuration:205 - Using pinned version: azureml-train-automl==1.22.0.*
2021-02-21 16:06:32.590 - INFO - 15800 - azureml.train.automl._experiment_drivers.driver_utilities.modify_run_configuration:199 - Package pandas missing from dependencies file.
2021-02-21 16:06:32.590 - INFO - 15800 - azureml.train.automl._experiment_drivers.driver_utilities.modify_run_configuration:205 - Using pinned version: pandas==0.25.1
2021-02-21 16:06:32.591 - INFO - 15800 - azureml.train.automl._experiment_drivers.driver_utilities.modify_run_configuration:199 - Package psutil missing from dependencies file.
2021-02-21 16:06:32.591 - INFO - 15800 - azureml.train.automl._experiment_drivers.driver_utilities.modify_run_configuration:205 - Using pinned version: psutil>5.0.0,<6.0.0
2021-02-21 16:06:32.592 - INFO - 15800 - azureml.train.automl._experiment_drivers.driver_utilities.modify_run_configuration:199 - Package scikit-learn missing from dependencies file.
2021-02-21 16:06:32.592 - INFO - 15800 - azureml.train.automl._experiment_drivers.driver_utilities.modify_run_configuration:205 - Using pinned version: scikit-learn==0.22.1
2021-02-21 16:06:32.592 - INFO - 15800 - azureml.train.automl._experiment_drivers.driver_utilities.modify_run_configuration:199 - Package numpy missing from dependencies file.
2021-02-21 16:06:32.593 - INFO - 15800 - azureml.train.automl._experiment_drivers.driver_utilities.modify_run_configuration:205 - Using pinned version: numpy~=1.18.0
2021-02-21 16:06:32.593 - INFO - 15800 - azureml.train.automl._experiment_drivers.driver_utilities.modify_run_configuration:199 - Package py-xgboost missing from dependencies file.
2021-02-21 16:06:32.593 - INFO - 15800 - azureml.train.automl._experiment_drivers.driver_utilities.modify_run_configuration:205 - Using pinned version: py-xgboost<=0.90
2021-02-21 16:06:32.593 - INFO - 15800 - azureml.train.automl._experiment_drivers.driver_utilities.modify_run_configuration:199 - Package inference-schema missing from dependencies file.
2021-02-21 16:06:32.594 - INFO - 15800 - azureml.train.automl._experiment_drivers.driver_utilities.modify_run_configuration:199 - Package fbprophet missing from dependencies file.
2021-02-21 16:06:32.594 - INFO - 15800 - azureml.train.automl._experiment_drivers.driver_utilities.modify_run_configuration:205 - Using pinned version: fbprophet==0.5
2021-02-21 16:06:32.597 - INFO - 15800 - azureml.train.automl._experiment_drivers.driver_utilities.modify_run_configuration:199 - Package setuptools-git missing from dependencies file.
2021-02-21 16:06:32.615 - INFO - 15800 - azureml.train.automl._experiment_drivers.driver_utilities.validate_input:105 - Start data validation.
2021-02-21 16:06:36.263 - INFO - 15800 - azureml.train.automl._experiment_drivers.driver_utilities.validate_input:118 - Validation service found the data has no errors.
2021-02-21 16:06:36.263 - INFO - 15800 - azureml.train.automl._experiment_drivers.driver_utilities._create_remote_parent_run:377 - Start creating parent run.
2021-02-21 16:06:37.376 - INFO - 15800 - azureml.train.automl._experiment_drivers.driver_utilities._create_remote_parent_run:396 - [ParentRunID:AutoML_47b0bb86-ceaf-4c9d-a2ef-8726c4d49091] Remote run using input X and y.
2021-02-21 16:06:38.006 - INFO - 15800 - azureml.train.automl._experiment_drivers.driver_utilities._create_remote_parent_run:416 - Parent Run ID: AutoML_47b0bb86-ceaf-4c9d-a2ef-8726c4d49091
2021-02-21 16:06:38.007 - INFO - 15800 - azureml.train.automl._experiment_drivers.driver_utilities.start_remote_run:332 - Starting a snapshot run (snapshot_id : None)
2021-02-21 17:18:12.451 - INFO - 49685 - azureml.train.automl._experiment_drivers.driver_utilities.modify_run_configuration:199 - Package azureml-train-automl missing from dependencies file.
2021-02-21 17:18:12.452 - INFO - 49685 - azureml.train.automl._experiment_drivers.driver_utilities.modify_run_configuration:205 - Using pinned version: azureml-train-automl==1.22.0.*
2021-02-21 17:18:12.452 - INFO - 49685 - azureml.train.automl._experiment_drivers.driver_utilities.modify_run_configuration:199 - Package pandas missing from dependencies file.
2021-02-21 17:18:12.452 - INFO - 49685 - azureml.train.automl._experiment_drivers.driver_utilities.modify_run_configuration:205 - Using pinned version: pandas==0.25.1
2021-02-21 17:18:12.452 - INFO - 49685 - azureml.train.automl._experiment_drivers.driver_utilities.modify_run_configuration:199 - Package psutil missing from dependencies file.
2021-02-21 17:18:12.452 - INFO - 49685 - azureml.train.automl._experiment_drivers.driver_utilities.modify_run_configuration:205 - Using pinned version: psutil>5.0.0,<6.0.0
2021-02-21 17:18:12.453 - INFO - 49685 - azureml.train.automl._experiment_drivers.driver_utilities.modify_run_configuration:199 - Package scikit-learn missing from dependencies file.
2021-02-21 17:18:12.453 - INFO - 49685 - azureml.train.automl._experiment_drivers.driver_utilities.modify_run_configuration:205 - Using pinned version: scikit-learn==0.22.1
2021-02-21 17:18:12.453 - INFO - 49685 - azureml.train.automl._experiment_drivers.driver_utilities.modify_run_configuration:199 - Package numpy missing from dependencies file.
2021-02-21 17:18:12.456 - INFO - 49685 - azureml.train.automl._experiment_drivers.driver_utilities.modify_run_configuration:205 - Using pinned version: numpy~=1.18.0
2021-02-21 17:18:12.456 - INFO - 49685 - azureml.train.automl._experiment_drivers.driver_utilities.modify_run_configuration:199 - Package py-xgboost missing from dependencies file.
2021-02-21 17:18:12.467 - INFO - 49685 - azureml.train.automl._experiment_drivers.driver_utilities.modify_run_configuration:205 - Using pinned version: py-xgboost<=0.90
2021-02-21 17:18:12.467 - INFO - 49685 - azureml.train.automl._experiment_drivers.driver_utilities.modify_run_configuration:199 - Package inference-schema missing from dependencies file.
2021-02-21 17:18:12.468 - INFO - 49685 - azureml.train.automl._experiment_drivers.driver_utilities.modify_run_configuration:199 - Package fbprophet missing from dependencies file.
2021-02-21 17:18:12.468 - INFO - 49685 - azureml.train.automl._experiment_drivers.driver_utilities.modify_run_configuration:205 - Using pinned version: fbprophet==0.5
2021-02-21 17:18:12.469 - INFO - 49685 - azureml.train.automl._experiment_drivers.driver_utilities.modify_run_configuration:199 - Package setuptools-git missing from dependencies file.
2021-02-21 17:18:12.474 - INFO - 49685 - azureml.train.automl._experiment_drivers.driver_utilities.validate_input:105 - Start data validation.
2021-02-21 17:18:13.337 - INFO - 49685 - azureml.train.automl._experiment_drivers.driver_utilities.validate_input:118 - Validation service found the data has no errors.
2021-02-21 17:18:13.337 - INFO - 49685 - azureml.train.automl._experiment_drivers.driver_utilities._create_remote_parent_run:377 - Start creating parent run.
2021-02-21 17:18:13.631 - INFO - 49685 - azureml.train.automl._experiment_drivers.driver_utilities._create_remote_parent_run:396 - [ParentRunID:AutoML_45496e9a-b30d-4bb0-91c7-c43dd0f7f0da] Remote run using input X and y.
2021-02-21 17:18:13.732 - INFO - 49685 - azureml.train.automl._experiment_drivers.driver_utilities._create_remote_parent_run:416 - Parent Run ID: AutoML_45496e9a-b30d-4bb0-91c7-c43dd0f7f0da
2021-02-21 17:18:13.733 - INFO - 49685 - azureml.train.automl._experiment_drivers.driver_utilities.start_remote_run:332 - Starting a snapshot run (snapshot_id : None)
2021-02-21 18:01:49.738 - INFO - 52777 - azureml.train.automl._experiment_drivers.driver_utilities.modify_run_configuration:199 - Package azureml-train-automl missing from dependencies file.
2021-02-21 18:01:49.738 - INFO - 52777 - azureml.train.automl._experiment_drivers.driver_utilities.modify_run_configuration:205 - Using pinned version: azureml-train-automl==1.21.0.*
2021-02-21 18:01:49.739 - INFO - 52777 - azureml.train.automl._experiment_drivers.driver_utilities.modify_run_configuration:199 - Package pandas missing from dependencies file.
2021-02-21 18:01:49.739 - INFO - 52777 - azureml.train.automl._experiment_drivers.driver_utilities.modify_run_configuration:205 - Using pinned version: pandas==0.25.1
2021-02-21 18:01:49.739 - INFO - 52777 - azureml.train.automl._experiment_drivers.driver_utilities.modify_run_configuration:199 - Package psutil missing from dependencies file.
2021-02-21 18:01:49.739 - INFO - 52777 - azureml.train.automl._experiment_drivers.driver_utilities.modify_run_configuration:205 - Using pinned version: psutil>5.0.0,<6.0.0
2021-02-21 18:01:49.739 - INFO - 52777 - azureml.train.automl._experiment_drivers.driver_utilities.modify_run_configuration:199 - Package scikit-learn missing from dependencies file.
2021-02-21 18:01:49.740 - INFO - 52777 - azureml.train.automl._experiment_drivers.driver_utilities.modify_run_configuration:205 - Using pinned version: scikit-learn==0.22.1
2021-02-21 18:01:49.741 - INFO - 52777 - azureml.train.automl._experiment_drivers.driver_utilities.modify_run_configuration:199 - Package numpy missing from dependencies file.
2021-02-21 18:01:49.741 - INFO - 52777 - azureml.train.automl._experiment_drivers.driver_utilities.modify_run_configuration:205 - Using pinned version: numpy~=1.18.0
2021-02-21 18:01:49.741 - INFO - 52777 - azureml.train.automl._experiment_drivers.driver_utilities.modify_run_configuration:199 - Package py-xgboost missing from dependencies file.
2021-02-21 18:01:49.741 - INFO - 52777 - azureml.train.automl._experiment_drivers.driver_utilities.modify_run_configuration:205 - Using pinned version: py-xgboost<=0.90
2021-02-21 18:01:49.741 - INFO - 52777 - azureml.train.automl._experiment_drivers.driver_utilities.modify_run_configuration:199 - Package inference-schema missing from dependencies file.
2021-02-21 18:01:49.742 - INFO - 52777 - azureml.train.automl._experiment_drivers.driver_utilities.modify_run_configuration:199 - Package fbprophet missing from dependencies file.
2021-02-21 18:01:49.742 - INFO - 52777 - azureml.train.automl._experiment_drivers.driver_utilities.modify_run_configuration:205 - Using pinned version: fbprophet==0.5
2021-02-21 18:01:49.742 - INFO - 52777 - azureml.train.automl._experiment_drivers.driver_utilities.modify_run_configuration:199 - Package setuptools-git missing from dependencies file.
2021-02-21 18:01:49.747 - INFO - 52777 - azureml.train.automl._experiment_drivers.driver_utilities.validate_input:120 - Start data validation.
2021-02-21 18:01:50.592 - INFO - 52777 - azureml.train.automl._experiment_drivers.driver_utilities.validate_input:133 - Validation service found the data has no errors.
2021-02-21 18:01:50.592 - INFO - 52777 - azureml.train.automl._experiment_drivers.driver_utilities.create_parent_run_for_remote:469 - Start creating parent run.
2021-02-21 18:01:51.513 - INFO - 52777 - azureml.train.automl._experiment_drivers.driver_utilities.create_parent_run_for_remote:488 - [ParentRunID:AutoML_33a487f5-500b-41c4-bf54-c81979c9a439] Remote run using input X and y.
2021-02-21 18:01:51.606 - INFO - 52777 - azureml.train.automl._experiment_drivers.driver_utilities.create_parent_run_for_remote:508 - Parent Run ID: AutoML_33a487f5-500b-41c4-bf54-c81979c9a439
2021-02-21 18:01:51.607 - INFO - 52777 - azureml.train.automl._experiment_drivers.driver_utilities.fit_remote_core:424 - Starting a snapshot run (snapshot_id : None)
2021-02-21 18:34:39.393 - INFO - 52777 - azureml.train.automl._experiment_drivers.driver_utilities.modify_run_configuration:199 - Package azureml-train-automl missing from dependencies file.
2021-02-21 18:34:39.394 - INFO - 52777 - azureml.train.automl._experiment_drivers.driver_utilities.modify_run_configuration:205 - Using pinned version: azureml-train-automl==1.21.0.*
2021-02-21 18:34:39.394 - INFO - 52777 - azureml.train.automl._experiment_drivers.driver_utilities.modify_run_configuration:199 - Package pandas missing from dependencies file.
2021-02-21 18:34:39.394 - INFO - 52777 - azureml.train.automl._experiment_drivers.driver_utilities.modify_run_configuration:205 - Using pinned version: pandas==0.25.1
2021-02-21 18:34:39.394 - INFO - 52777 - azureml.train.automl._experiment_drivers.driver_utilities.modify_run_configuration:199 - Package psutil missing from dependencies file.
2021-02-21 18:34:39.394 - INFO - 52777 - azureml.train.automl._experiment_drivers.driver_utilities.modify_run_configuration:205 - Using pinned version: psutil>5.0.0,<6.0.0
2021-02-21 18:34:39.395 - INFO - 52777 - azureml.train.automl._experiment_drivers.driver_utilities.modify_run_configuration:199 - Package scikit-learn missing from dependencies file.
2021-02-21 18:34:39.395 - INFO - 52777 - azureml.train.automl._experiment_drivers.driver_utilities.modify_run_configuration:205 - Using pinned version: scikit-learn==0.22.1
2021-02-21 18:34:39.396 - INFO - 52777 - azureml.train.automl._experiment_drivers.driver_utilities.modify_run_configuration:199 - Package numpy missing from dependencies file.
2021-02-21 18:34:39.396 - INFO - 52777 - azureml.train.automl._experiment_drivers.driver_utilities.modify_run_configuration:205 - Using pinned version: numpy~=1.18.0
2021-02-21 18:34:39.396 - INFO - 52777 - azureml.train.automl._experiment_drivers.driver_utilities.modify_run_configuration:199 - Package py-xgboost missing from dependencies file.
2021-02-21 18:34:39.396 - INFO - 52777 - azureml.train.automl._experiment_drivers.driver_utilities.modify_run_configuration:205 - Using pinned version: py-xgboost<=0.90
2021-02-21 18:34:39.396 - INFO - 52777 - azureml.train.automl._experiment_drivers.driver_utilities.modify_run_configuration:199 - Package inference-schema missing from dependencies file.
2021-02-21 18:34:39.397 - INFO - 52777 - azureml.train.automl._experiment_drivers.driver_utilities.modify_run_configuration:199 - Package fbprophet missing from dependencies file.
2021-02-21 18:34:39.397 - INFO - 52777 - azureml.train.automl._experiment_drivers.driver_utilities.modify_run_configuration:205 - Using pinned version: fbprophet==0.5
2021-02-21 18:34:39.397 - INFO - 52777 - azureml.train.automl._experiment_drivers.driver_utilities.modify_run_configuration:199 - Package setuptools-git missing from dependencies file.
2021-02-21 18:34:39.404 - INFO - 52777 - azureml.train.automl._experiment_drivers.driver_utilities.validate_input:120 - Start data validation.
2021-02-21 18:34:42.412 - INFO - 52777 - azureml.train.automl._experiment_drivers.driver_utilities.validate_input:133 - Validation service found the data has no errors.
2021-02-21 18:34:42.412 - INFO - 52777 - azureml.train.automl._experiment_drivers.driver_utilities.create_parent_run_for_remote:469 - Start creating parent run.
2021-02-21 18:34:42.650 - INFO - 52777 - azureml.train.automl._experiment_drivers.driver_utilities.create_parent_run_for_remote:488 - [ParentRunID:AutoML_223a8889-24dd-4133-a68f-21b7d34234f1] Remote run using input X and y.
2021-02-21 18:34:42.726 - INFO - 52777 - azureml.train.automl._experiment_drivers.driver_utilities.create_parent_run_for_remote:508 - Parent Run ID: AutoML_223a8889-24dd-4133-a68f-21b7d34234f1
2021-02-21 18:34:42.727 - INFO - 52777 - azureml.train.automl._experiment_drivers.driver_utilities.fit_remote_core:424 - Starting a snapshot run (snapshot_id : None)
